<?xml version="1.0" encoding="UTF-8"?>
<!-- Generated by org.testng.reporters.JUnitXMLReporter -->
<testsuite ignored="1" hostname="DESKTOP-ORMUMH8" failures="0" tests="1" name="Default test" time="10.188" errors="0" timestamp="2025-02-10T15:06:44 BDT">
  <testcase classname="testcases.LoginPage_TeseCases" name="placeHolderVerify" time="0.092"/>
  <testcase classname="testcases.LoginPage_TeseCases" name="loginWithValidCredentials" time="0.0">
    <ignored/>
  </testcase> <!-- loginWithValidCredentials -->
</testsuite> <!-- Default test -->
