<?xml version="1.0" encoding="UTF-8"?>
<testng-results ignored="0" total="1" passed="1" failed="0" skipped="0">
  <reporter-output>
  </reporter-output>
  <suite started-at="2025-02-06T17:31:49 BDT" name="Default suite" finished-at="2025-02-06T17:32:04 BDT" duration-ms="15391">
    <groups>
    </groups>
    <test started-at="2025-02-06T17:31:49 BDT" name="Default test" finished-at="2025-02-06T17:32:04 BDT" duration-ms="15391">
      <class name="testcases.LoginPage_TeseCases">
        <test-method is-config="true" signature="setBrowser()[pri:0, instance:testcases.LoginPage_TeseCases@7a220c9a]" started-at="2025-02-06T17:31:49 BDT" name="setBrowser" finished-at="2025-02-06T17:31:56 BDT" duration-ms="7298" status="PASS">
          <reporter-output>
          </reporter-output>
        </test-method> <!-- setBrowser -->
        <test-method signature="loginScreenTittleVerify()[pri:0, instance:testcases.LoginPage_TeseCases@7a220c9a]" started-at="2025-02-06T17:31:56 BDT" name="loginScreenTittleVerify" finished-at="2025-02-06T17:32:03 BDT" duration-ms="6703" status="PASS">
          <reporter-output>
          </reporter-output>
        </test-method> <!-- loginScreenTittleVerify -->
        <test-method is-config="true" signature="closeBrowser()[pri:0, instance:testcases.LoginPage_TeseCases@7a220c9a]" started-at="2025-02-06T17:32:03 BDT" name="closeBrowser" finished-at="2025-02-06T17:32:04 BDT" duration-ms="1015" status="PASS">
          <reporter-output>
          </reporter-output>
        </test-method> <!-- closeBrowser -->
      </class> <!-- testcases.LoginPage_TeseCases -->
    </test> <!-- Default test -->
  </suite> <!-- Default suite -->
</testng-results>
